<?xml version="1.0" encoding="UTF-8"?>
<!-- Generated by org.testng.reporters.JUnitReportReporter -->
<testsuite hostname="DESKTOP-V62BUJ1" failures="0" tests="2" name="RestAssuredDemo.test.RestDemoTest" time="3.462" errors="0" timestamp="2020-12-19T21:10:45 EST" skipped="0">
  <testcase classname="RestAssuredDemo.test.RestDemoTest" name="testAddCustomer" time="2.066"/>
  <system-out/>
  <testcase classname="RestAssuredDemo.test.RestDemoTest" name="testGetUser" time="1.396"/>
  <system-out/>
</testsuite> <!-- RestAssuredDemo.test.RestDemoTest -->
